  例3.2.cpp
D:\C语言程序设计\课本\例3.2\例3.2.cpp(5,2): error C2065: “unsiqned”: 未声明的标识符
D:\C语言程序设计\课本\例3.2\例3.2.cpp(5,11): error C2146: 语法错误: 缺少“;”(在标识符“u”的前面)
D:\C语言程序设计\课本\例3.2\例3.2.cpp(5,11): error C2065: “u”: 未声明的标识符
D:\C语言程序设计\课本\例3.2\例3.2.cpp(6,19): error C2065: “u”: 未声明的标识符
D:\C语言程序设计\课本\例3.2\例3.2.cpp(7,10): error C2065: “u”: 未声明的标识符
D:\C语言程序设计\课本\例3.2\例3.2.cpp(7,21): error C2065: “u”: 未声明的标识符
